2025-10-30 09:22:31.989 [main] INFO  c.ord.tutorial.TutorialApplication - Starting TutorialApplication using Java 21.0.8 with PID 7696 (C:\code\orenda\tutorial\target\classes started by FPT in C:\code\orenda\tutorial)
2025-10-30 09:22:31.991 [main] INFO  c.ord.tutorial.TutorialApplication - No active profile set, falling back to 1 default profile: "default"
2025-10-30 09:22:33.598 [main] INFO  o.a.catalina.core.StandardService - Starting service [Tomcat]
2025-10-30 09:22:33.599 [main] INFO  o.a.catalina.core.StandardEngine - Starting Servlet engine: [Apache Tomcat/10.1.46]
2025-10-30 09:22:33.654 [main] INFO  o.a.c.c.C.[Tomcat].[localhost].[/] - Initializing Spring embedded WebApplicationContext
2025-10-30 09:22:33.789 [main] INFO  com.zaxxer.hikari.HikariDataSource - HikariPoolTutorial - Starting...
2025-10-30 09:22:34.000 [main] INFO  com.zaxxer.hikari.pool.HikariPool - HikariPoolTutorial - Added connection com.mysql.cj.jdbc.ConnectionImpl@6be766d1
2025-10-30 09:22:34.001 [main] INFO  com.zaxxer.hikari.HikariDataSource - HikariPoolTutorial - Start completed.
2025-10-30 09:22:34.777 [main] INFO  liquibase.changelog - Creating database history table with name: location_db.DATABASECHANGELOG
2025-10-30 09:22:35.081 [main] INFO  liquibase.changelog - Reading from location_db.DATABASECHANGELOG
2025-10-30 09:22:35.466 [main] INFO  liquibase.snapshot - Creating snapshot
2025-10-30 09:22:35.682 [main] INFO  liquibase.lockservice - Successfully acquired change log lock
2025-10-30 09:22:35.689 [main] INFO  liquibase.command - Using deploymentId: 1790953768
2025-10-30 09:22:35.695 [main] INFO  liquibase.changelog - Reading from location_db.DATABASECHANGELOG
2025-10-30 09:22:35.726 [main] INFO  liquibase.ui - Running Changeset: db/changelog/db.changelog-master.xml::1-create-provinces::you
2025-10-30 09:22:35.782 [main] INFO  liquibase.changelog - Table provinces created
2025-10-30 09:22:35.785 [main] INFO  liquibase.changelog - ChangeSet db/changelog/db.changelog-master.xml::1-create-provinces::you ran successfully in 57ms
2025-10-30 09:22:35.802 [main] INFO  liquibase.ui - Running Changeset: db/changelog/db.changelog-master.xml::2-create-wards::you
2025-10-30 09:22:35.837 [main] INFO  liquibase.changelog - Table wards created
2025-10-30 09:22:35.945 [main] INFO  liquibase.changelog - Foreign key constraint added to wards (province_code)
2025-10-30 09:22:35.946 [main] INFO  liquibase.changelog - ChangeSet db/changelog/db.changelog-master.xml::2-create-wards::you ran successfully in 144ms
2025-10-30 09:22:35.964 [main] INFO  liquibase.ui - Running Changeset: db/changelog/db.changelog-master.xml::3-create-users::thanh
2025-10-30 09:22:36.011 [main] INFO  liquibase.changelog - Table users created
2025-10-30 09:22:36.013 [main] INFO  liquibase.changelog - ChangeSet db/changelog/db.changelog-master.xml::3-create-users::thanh ran successfully in 48ms
2025-10-30 09:22:36.022 [main] INFO  liquibase.ui - Running Changeset: db/changelog/db.changelog-master.xml::4-create-roles::thanh
2025-10-30 09:22:36.056 [main] INFO  liquibase.changelog - Table roles created
2025-10-30 09:22:36.057 [main] INFO  liquibase.changelog - ChangeSet db/changelog/db.changelog-master.xml::4-create-roles::thanh ran successfully in 35ms
2025-10-30 09:22:36.066 [main] INFO  liquibase.ui - Running Changeset: db/changelog/db.changelog-master.xml::5-create-permissions::thanh
2025-10-30 09:22:36.094 [main] INFO  liquibase.changelog - Table permissions created
2025-10-30 09:22:36.096 [main] INFO  liquibase.changelog - ChangeSet db/changelog/db.changelog-master.xml::5-create-permissions::thanh ran successfully in 30ms
2025-10-30 09:22:36.106 [main] INFO  liquibase.ui - Running Changeset: db/changelog/db.changelog-master.xml::6-create-user-roles::thanh
2025-10-30 09:22:36.137 [main] INFO  liquibase.changelog - Table user_roles created
2025-10-30 09:22:36.256 [main] INFO  liquibase.changelog - Foreign key constraint added to user_roles (user_id)
2025-10-30 09:22:36.321 [main] INFO  liquibase.changelog - Foreign key constraint added to user_roles (role_id)
2025-10-30 09:22:36.380 [main] INFO  liquibase.changelog - Unique constraint added to user_roles(user_id, role_id)
2025-10-30 09:22:36.384 [main] INFO  liquibase.changelog - ChangeSet db/changelog/db.changelog-master.xml::6-create-user-roles::thanh ran successfully in 275ms
2025-10-30 09:22:36.394 [main] INFO  liquibase.ui - Running Changeset: db/changelog/db.changelog-master.xml::7-create-role-permissions::thanh
2025-10-30 09:22:36.418 [main] INFO  liquibase.changelog - Table role_permissions created
2025-10-30 09:22:36.485 [main] INFO  liquibase.changelog - Foreign key constraint added to role_permissions (role_id)
2025-10-30 09:22:36.564 [main] INFO  liquibase.changelog - Foreign key constraint added to role_permissions (permission_name)
2025-10-30 09:22:36.612 [main] INFO  liquibase.changelog - Unique constraint added to role_permissions(role_id, permission_name)
2025-10-30 09:22:36.614 [main] INFO  liquibase.changelog - ChangeSet db/changelog/db.changelog-master.xml::7-create-role-permissions::thanh ran successfully in 218ms
2025-10-30 09:22:36.630 [main] INFO  liquibase.util - UPDATE SUMMARY
2025-10-30 09:22:36.631 [main] INFO  liquibase.util - Run:                          7
2025-10-30 09:22:36.631 [main] INFO  liquibase.util - Previously run:               0
2025-10-30 09:22:36.631 [main] INFO  liquibase.util - Filtered out:                 0
2025-10-30 09:22:36.632 [main] INFO  liquibase.util - -------------------------------
2025-10-30 09:22:36.632 [main] INFO  liquibase.util - Total change sets:            7
2025-10-30 09:22:36.633 [main] INFO  liquibase.util - Update summary generated
2025-10-30 09:22:36.637 [main] INFO  liquibase.command - Update command completed successfully.
2025-10-30 09:22:36.637 [main] INFO  liquibase.ui - Liquibase: Update has been successful. Rows affected: 7
2025-10-30 09:22:36.645 [main] INFO  liquibase.lockservice - Successfully released change log lock
2025-10-30 09:22:36.647 [main] INFO  liquibase.command - Command execution complete
2025-10-30 09:22:38.525 [main] WARN  org.hibernate.orm.deprecation - HHH90000025: MySQLDialect does not need to be specified explicitly using 'hibernate.dialect' (remove the property setting and it will be selected by default)
2025-10-30 09:22:40.733 [main] WARN  o.s.b.a.o.j.JpaBaseConfiguration$JpaWebConfiguration - spring.jpa.open-in-view is enabled by default. Therefore, database queries may be performed during view rendering. Explicitly configure spring.jpa.open-in-view to disable this warning
2025-10-30 09:22:40.922 [main] WARN  o.s.s.c.a.a.c.InitializeUserDetailsBeanManagerConfigurer$InitializeUserDetailsManagerConfigurer - Global AuthenticationManager configured with an AuthenticationProvider bean. UserDetailsService beans will not be used by Spring Security for automatically configuring username/password login. Consider removing the AuthenticationProvider bean. Alternatively, consider using the UserDetailsService in a manually instantiated DaoAuthenticationProvider. If the current configuration is intentional, to turn off this warning, increase the logging level of 'org.springframework.security.config.annotation.authentication.configuration.InitializeUserDetailsBeanManagerConfigurer' to ERROR
2025-10-30 09:22:41.449 [main] INFO  c.ord.tutorial.TutorialApplication - Started TutorialApplication in 9.995 seconds (process running for 12.406)
2025-10-30 09:24:22.657 [http-nio-6081-exec-1] INFO  o.a.c.c.C.[Tomcat].[localhost].[/] - Initializing Spring DispatcherServlet 'dispatcherServlet'
2025-10-30 09:24:24.118 [http-nio-6081-exec-10] INFO  o.s.api.AbstractOpenApiResource - Init duration for springdoc-openapi is: 866 ms
2025-10-30 09:41:11.713 [SpringApplicationShutdownHook] INFO  com.zaxxer.hikari.HikariDataSource - HikariPoolTutorial - Shutdown initiated...
2025-10-30 09:41:11.717 [SpringApplicationShutdownHook] INFO  com.zaxxer.hikari.HikariDataSource - HikariPoolTutorial - Shutdown completed.
